<?xml version="1.0" encoding="UTF-8"?>
<!-- Generated by org.testng.reporters.JUnitReportReporter -->
<testsuite hostname="DESKTOP-PQV2NMA" failures="0" tests="1" name="demo.To_launch_lakme_test" time="23.391" errors="0" timestamp="2024-03-21T15:26:38 IST" skipped="0">
  <testcase classname="demo.To_launch_lakme_test" name="demowebshop" time="23.391"/>
  <system-out/>
</testsuite> <!-- demo.To_launch_lakme_test -->
