<?xml version="1.0" encoding="UTF-8"?>
<!-- Generated by org.testng.reporters.JUnitReportReporter -->
<testsuite hostname="DESKTOP-PQV2NMA" failures="0" tests="1" name="smoke.Tc_Demo_001" time="12.202" errors="0" timestamp="2024-03-21T15:54:34 IST" skipped="0">
  <testcase classname="smoke.Tc_Demo_001" name="demowebshop" time="12.202"/>
  <system-out/>
</testsuite> <!-- smoke.Tc_Demo_001 -->
