<?xml version="1.0" encoding="UTF-8"?>
<!-- Generated by org.testng.reporters.JUnitReportReporter -->
<testsuite hostname="DESKTOP-PQV2NMA" failures="0" tests="1" name="demo.Tc_Demo_001" time="11.797" errors="0" timestamp="2024-03-21T15:12:57 IST" skipped="0">
  <testcase classname="demo.Tc_Demo_001" name="demowebshop" time="11.797"/>
  <system-out/>
</testsuite> <!-- demo.Tc_Demo_001 -->
