<?xml version="1.0" encoding="UTF-8"?>
<!-- Generated by org.testng.reporters.JUnitReportReporter -->
<testsuite hostname="DESKTOP-PQV2NMA" failures="0" tests="1" name="smoketest.Tc_demo_001" time="12.486" errors="0" timestamp="2024-03-21T15:25:29 IST" skipped="0">
  <testcase classname="smoketest.Tc_demo_001" name="demowebshop" time="12.486"/>
  <system-out/>
</testsuite> <!-- smoketest.Tc_demo_001 -->
