<?xml version="1.0" encoding="UTF-8"?>
<!-- Generated by org.testng.reporters.JUnitReportReporter -->
<testsuite hostname="DESKTOP-PQV2NMA" failures="0" tests="1" name="demo.To_launch_Ajio_test" time="18.434" errors="0" timestamp="2024-03-21T15:01:46 IST" skipped="0">
  <testcase classname="demo.To_launch_Ajio_test" name="demowebshop" time="18.434"/>
  <system-out/>
</testsuite> <!-- demo.To_launch_Ajio_test -->
